Arguments: 
  C:\Program Files\nodejs\node.exe C:\Program Files (x86)\Yarn\bin\yarn.js add webpack webpacl-cli -D

PATH: 
  C:\Program Files (x86)\Embarcadero\Studio\20.0\bin;C:\Users\Public\Documents\Embarcadero\Studio\20.0\Bpl;C:\Program Files (x86)\Embarcadero\Studio\20.0\bin64;C:\Users\Public\Documents\Embarcadero\Studio\20.0\Bpl\Win64;C:\Program Files (x86)\Embarcadero\Studio\19.0\bin;C:\Users\Public\Documents\Embarcadero\Studio\19.0\Bpl;C:\Program Files (x86)\Embarcadero\Studio\18.0\bin;C:\Users\Public\Documents\Embarcadero\Studio\18.0\Bpl;C:\Program Files (x86)\Intel\Intel(R) Management Engine Components\iCLS\;C:\Program Files\Intel\Intel(R) Management Engine Components\iCLS\;C:\Program Files (x86)\Common Files\Oracle\Java\javapath;C:\WINDOWS\system32;C:\WINDOWS;C:\WINDOWS\System32\Wbem;C:\WINDOWS\System32\WindowsPowerShell\v1.0\;C:\WINDOWS\System32\OpenSSH\;C:\Program Files (x86)\Intel\Intel(R) Management Engine Components\DAL;C:\Program Files\Intel\Intel(R) Management Engine Components\DAL;C:\Program Files\Microsoft SQL Server\120\Tools\Binn\;C:\Program Files\Microsoft SQL Server\Client SDK\ODBC\110\Tools\Binn\;C:\Program Files (x86)\Microsoft SQL Server\120\Tools\Binn\;C:\Program Files\Microsoft SQL Server\120\DTS\Binn\;C:\Program Files (x86)\Microsoft SQL Server\120\Tools\Binn\ManagementStudio\;C:\Program Files (x86)\Microsoft SQL Server\120\DTS\Binn\;C:\xampp\php;C:\composer;%JAVA_HOME%;%ANDROID_HOME%\emulator;%ANDROID_HOME%\tools;%ANDROID_HOME%\tools\bin;%ANDROID_HOME%\platform-tools;C:\Program Files\PuTTY\;C:\Program Files\Git\cmd;C:\Program Files\dotnet\;C:\Program Files\Microsoft SQL Server\130\Tools\Binn\;C:\Program Files\Microsoft SQL Server\Client SDK\ODBC\170\Tools\Binn\;C:\Program Files\nodejs\;C:\Program Files (x86)\Yarn\bin\;C:\Ruby26-x64\bin;C:\Users\Clovis\AppData\Local\Microsoft\WindowsApps;C:\Users\Clovis\AppData\Local\Programs\Microsoft VS Code\bin;C:\Users\Clovis\AppData\Roaming\Composer\vendor\bin;C:\Users\Clovis\AppData\Local\GitHubDesktop\bin;C:\Users\Clovis\AppData\Local\Microsoft\WindowsApps;C:\Users\Clovis\AppData\Roaming\npm;C:\Users\Clovis\AppData\Local\Yarn\bin

Yarn version: 
  1.22.5

Node version: 
  12.18.2

Platform: 
  win32 x64

Trace: 
  Error: https://registry.yarnpkg.com/webpacl-cli: Not found
      at Request.params.callback [as _callback] (C:\Program Files (x86)\Yarn\lib\cli.js:66097:18)
      at Request.self.callback (C:\Program Files (x86)\Yarn\lib\cli.js:140749:22)
      at Request.emit (events.js:315:20)
      at Request.<anonymous> (C:\Program Files (x86)\Yarn\lib\cli.js:141721:10)
      at Request.emit (events.js:315:20)
      at IncomingMessage.<anonymous> (C:\Program Files (x86)\Yarn\lib\cli.js:141643:12)
      at Object.onceWrapper (events.js:421:28)
      at IncomingMessage.emit (events.js:327:22)
      at endReadableNT (_stream_readable.js:1221:12)
      at processTicksAndRejections (internal/process/task_queues.js:84:21)

npm manifest: 
  {
    "name": "github-explorer",
    "version": "1.0.0",
    "main": "index.js",
    "license": "MIT"
  }

yarn manifest: 
  No manifest

Lockfile: 
  # THIS IS AN AUTOGENERATED FILE. DO NOT EDIT THIS FILE DIRECTLY.
  # yarn lockfile v1
